<?xml version="1.0" encoding="UTF-8"?>
<testng-results skipped="0" failed="8" total="8" passed="0">
  <reporter-output>
  </reporter-output>
  <suite name="Acquisition" duration-ms="1021845" started-at="2018-02-12T08:02:27Z" finished-at="2018-02-12T08:19:29Z">
    <groups>
      <group name="SubmitMeterRead">
        <method signature="LandlordTestNew.verifyAnonymousLondonLandlordPackagePricingWithBoilerCover()[pri:0, instance:bg.framework.app.functional.test.services.LandlordTestNew@43a25848]" name="verifyAnonymousLondonLandlordPackagePricingWithBoilerCover" class="bg.framework.app.functional.test.services.LandlordTestNew"/>
        <method signature="LandlordTestNew.verifyAnonymousLondonLandlordPackagePricingWithoutBoilerCover()[pri:0, instance:bg.framework.app.functional.test.services.LandlordTestNew@43a25848]" name="verifyAnonymousLondonLandlordPackagePricingWithoutBoilerCover" class="bg.framework.app.functional.test.services.LandlordTestNew"/>
        <method signature="LandlordTestNew.verifyAnonymousNationalLandlordPackagePricingWithBoilerCover()[pri:0, instance:bg.framework.app.functional.test.services.LandlordTestNew@43a25848]" name="verifyAnonymousNationalLandlordPackagePricingWithBoilerCover" class="bg.framework.app.functional.test.services.LandlordTestNew"/>
        <method signature="LandlordTestNew.verifyAnonymousNationalLandlordPackagePricingWithoutBoilerCover()[pri:0, instance:bg.framework.app.functional.test.services.LandlordTestNew@43a25848]" name="verifyAnonymousNationalLandlordPackagePricingWithoutBoilerCover" class="bg.framework.app.functional.test.services.LandlordTestNew"/>
        <method signature="LandlordTestNew.verifyOAMLondonLandlordPackagePricingWithBoilerCover()[pri:0, instance:bg.framework.app.functional.test.services.LandlordTestNew@43a25848]" name="verifyOAMLondonLandlordPackagePricingWithBoilerCover" class="bg.framework.app.functional.test.services.LandlordTestNew"/>
        <method signature="LandlordTestNew.verifyOAMLondonLandlordPackagePricingWithoutBoilerCover()[pri:0, instance:bg.framework.app.functional.test.services.LandlordTestNew@43a25848]" name="verifyOAMLondonLandlordPackagePricingWithoutBoilerCover" class="bg.framework.app.functional.test.services.LandlordTestNew"/>
        <method signature="LandlordTestNew.verifyOAMNationalLandlordPackagePricingWithBoilerCover()[pri:0, instance:bg.framework.app.functional.test.services.LandlordTestNew@43a25848]" name="verifyOAMNationalLandlordPackagePricingWithBoilerCover" class="bg.framework.app.functional.test.services.LandlordTestNew"/>
        <method signature="LandlordTestNew.verifyOAMNationalLandlordPackagePricingWithoutBoilerCover()[pri:0, instance:bg.framework.app.functional.test.services.LandlordTestNew@43a25848]" name="verifyOAMNationalLandlordPackagePricingWithoutBoilerCover" class="bg.framework.app.functional.test.services.LandlordTestNew"/>
      </group> <!-- SubmitMeterRead -->
      <group name="Regression">
        <method signature="LandlordTestNew.verifyAnonymousLondonLandlordPackagePricingWithBoilerCover()[pri:0, instance:bg.framework.app.functional.test.services.LandlordTestNew@43a25848]" name="verifyAnonymousLondonLandlordPackagePricingWithBoilerCover" class="bg.framework.app.functional.test.services.LandlordTestNew"/>
        <method signature="LandlordTestNew.verifyAnonymousLondonLandlordPackagePricingWithoutBoilerCover()[pri:0, instance:bg.framework.app.functional.test.services.LandlordTestNew@43a25848]" name="verifyAnonymousLondonLandlordPackagePricingWithoutBoilerCover" class="bg.framework.app.functional.test.services.LandlordTestNew"/>
        <method signature="LandlordTestNew.verifyAnonymousNationalLandlordPackagePricingWithBoilerCover()[pri:0, instance:bg.framework.app.functional.test.services.LandlordTestNew@43a25848]" name="verifyAnonymousNationalLandlordPackagePricingWithBoilerCover" class="bg.framework.app.functional.test.services.LandlordTestNew"/>
        <method signature="LandlordTestNew.verifyAnonymousNationalLandlordPackagePricingWithoutBoilerCover()[pri:0, instance:bg.framework.app.functional.test.services.LandlordTestNew@43a25848]" name="verifyAnonymousNationalLandlordPackagePricingWithoutBoilerCover" class="bg.framework.app.functional.test.services.LandlordTestNew"/>
        <method signature="LandlordTestNew.verifyOAMLondonLandlordPackagePricingWithBoilerCover()[pri:0, instance:bg.framework.app.functional.test.services.LandlordTestNew@43a25848]" name="verifyOAMLondonLandlordPackagePricingWithBoilerCover" class="bg.framework.app.functional.test.services.LandlordTestNew"/>
        <method signature="LandlordTestNew.verifyOAMLondonLandlordPackagePricingWithoutBoilerCover()[pri:0, instance:bg.framework.app.functional.test.services.LandlordTestNew@43a25848]" name="verifyOAMLondonLandlordPackagePricingWithoutBoilerCover" class="bg.framework.app.functional.test.services.LandlordTestNew"/>
        <method signature="LandlordTestNew.verifyOAMNationalLandlordPackagePricingWithBoilerCover()[pri:0, instance:bg.framework.app.functional.test.services.LandlordTestNew@43a25848]" name="verifyOAMNationalLandlordPackagePricingWithBoilerCover" class="bg.framework.app.functional.test.services.LandlordTestNew"/>
        <method signature="LandlordTestNew.verifyOAMNationalLandlordPackagePricingWithoutBoilerCover()[pri:0, instance:bg.framework.app.functional.test.services.LandlordTestNew@43a25848]" name="verifyOAMNationalLandlordPackagePricingWithoutBoilerCover" class="bg.framework.app.functional.test.services.LandlordTestNew"/>
      </group> <!-- Regression -->
      <group name="InProgress">
        <method signature="LandlordTestNew.verifyAnonymousLondonLandlordPackagePricingWithBoilerCover()[pri:0, instance:bg.framework.app.functional.test.services.LandlordTestNew@43a25848]" name="verifyAnonymousLondonLandlordPackagePricingWithBoilerCover" class="bg.framework.app.functional.test.services.LandlordTestNew"/>
        <method signature="LandlordTestNew.verifyAnonymousLondonLandlordPackagePricingWithoutBoilerCover()[pri:0, instance:bg.framework.app.functional.test.services.LandlordTestNew@43a25848]" name="verifyAnonymousLondonLandlordPackagePricingWithoutBoilerCover" class="bg.framework.app.functional.test.services.LandlordTestNew"/>
        <method signature="LandlordTestNew.verifyAnonymousNationalLandlordPackagePricingWithBoilerCover()[pri:0, instance:bg.framework.app.functional.test.services.LandlordTestNew@43a25848]" name="verifyAnonymousNationalLandlordPackagePricingWithBoilerCover" class="bg.framework.app.functional.test.services.LandlordTestNew"/>
        <method signature="LandlordTestNew.verifyAnonymousNationalLandlordPackagePricingWithoutBoilerCover()[pri:0, instance:bg.framework.app.functional.test.services.LandlordTestNew@43a25848]" name="verifyAnonymousNationalLandlordPackagePricingWithoutBoilerCover" class="bg.framework.app.functional.test.services.LandlordTestNew"/>
        <method signature="LandlordTestNew.verifyOAMLondonLandlordPackagePricingWithBoilerCover()[pri:0, instance:bg.framework.app.functional.test.services.LandlordTestNew@43a25848]" name="verifyOAMLondonLandlordPackagePricingWithBoilerCover" class="bg.framework.app.functional.test.services.LandlordTestNew"/>
        <method signature="LandlordTestNew.verifyOAMLondonLandlordPackagePricingWithoutBoilerCover()[pri:0, instance:bg.framework.app.functional.test.services.LandlordTestNew@43a25848]" name="verifyOAMLondonLandlordPackagePricingWithoutBoilerCover" class="bg.framework.app.functional.test.services.LandlordTestNew"/>
        <method signature="LandlordTestNew.verifyOAMNationalLandlordPackagePricingWithBoilerCover()[pri:0, instance:bg.framework.app.functional.test.services.LandlordTestNew@43a25848]" name="verifyOAMNationalLandlordPackagePricingWithBoilerCover" class="bg.framework.app.functional.test.services.LandlordTestNew"/>
        <method signature="LandlordTestNew.verifyOAMNationalLandlordPackagePricingWithoutBoilerCover()[pri:0, instance:bg.framework.app.functional.test.services.LandlordTestNew@43a25848]" name="verifyOAMNationalLandlordPackagePricingWithoutBoilerCover" class="bg.framework.app.functional.test.services.LandlordTestNew"/>
      </group> <!-- InProgress -->
    </groups>
    <test name="Acquisition" duration-ms="1021845" started-at="2018-02-12T08:02:27Z" finished-at="2018-02-12T08:19:29Z">
      <class name="bg.framework.app.functional.test.services.LandlordTestNew">
        <test-method status="PASS" signature="CreateTestLogPath()[pri:0, instance:bg.framework.app.functional.test.services.LandlordTestNew@43a25848]" name="CreateTestLogPath" is-config="true" duration-ms="78" started-at="2018-02-12T13:32:27Z" finished-at="2018-02-12T13:32:27Z">
          <reporter-output>
          </reporter-output>
        </test-method> <!-- CreateTestLogPath -->
        <test-method status="PASS" signature="setUp(java.lang.reflect.Method)[pri:0, instance:bg.framework.app.functional.test.services.LandlordTestNew@43a25848]" name="setUp" is-config="true" duration-ms="80858" started-at="2018-02-12T13:32:27Z" finished-at="2018-02-12T13:33:48Z">
          <params>
            <param index="0">
              <value>
                <![CDATA[public void bg.framework.app.functional.test.services.LandlordTestNew.verifyAnonymousNationalLandlordPackagePricingWithoutBoilerCover()]]>
              </value>
            </param>
          </params>
          <reporter-output>
          </reporter-output>
        </test-method> <!-- setUp -->
        <test-method status="FAIL" signature="verifyAnonymousNationalLandlordPackagePricingWithoutBoilerCover()[pri:0, instance:bg.framework.app.functional.test.services.LandlordTestNew@43a25848]" name="verifyAnonymousNationalLandlordPackagePricingWithoutBoilerCover" duration-ms="63522" started-at="2018-02-12T13:33:48Z" finished-at="2018-02-12T13:34:51Z">
          <exception class="org.openqa.selenium.WebDriverException">
            <message>
              <![CDATA[unknown error: Element is not clickable at point (175, 950)
  (Session info: chrome=62.0.3202.62)
  (Driver info: chromedriver=2.29.461591 (62ebf098771772160f391d75e589dc567915b233),platform=Windows NT 6.1.7601 SP1 x86_64) (WARNING: The server did not provide any stacktrace information)
Command duration or timeout: 47 milliseconds
Build info: version: '2.24.1', revision: '17205', time: '2012-06-19 16:53:24'
System info: os.name: 'Windows 7', os.arch: 'amd64', os.version: '6.1', java.version: '1.8.0_121'
Driver info: driver.version: RemoteWebDriver
Session ID: 5d04387c39f1d754fcb64f2d7b97f588]]>
            </message>
            <full-stacktrace>
              <![CDATA[org.openqa.selenium.WebDriverException: unknown error: Element is not clickable at point (175, 950)
  (Session info: chrome=62.0.3202.62)
  (Driver info: chromedriver=2.29.461591 (62ebf098771772160f391d75e589dc567915b233),platform=Windows NT 6.1.7601 SP1 x86_64) (WARNING: The server did not provide any stacktrace information)
Command duration or timeout: 47 milliseconds
Build info: version: '2.24.1', revision: '17205', time: '2012-06-19 16:53:24'
System info: os.name: 'Windows 7', os.arch: 'amd64', os.version: '6.1', java.version: '1.8.0_121'
Driver info: driver.version: RemoteWebDriver
Session ID: 5d04387c39f1d754fcb64f2d7b97f588
	at sun.reflect.NativeConstructorAccessorImpl.newInstance0(Native Method)
	at sun.reflect.NativeConstructorAccessorImpl.newInstance(NativeConstructorAccessorImpl.java:62)
	at sun.reflect.DelegatingConstructorAccessorImpl.newInstance(DelegatingConstructorAccessorImpl.java:45)
	at java.lang.reflect.Constructor.newInstance(Constructor.java:423)
	at org.openqa.selenium.remote.ErrorHandler.createThrowable(ErrorHandler.java:188)
	at org.openqa.selenium.remote.ErrorHandler.throwIfResponseFailed(ErrorHandler.java:145)
	at org.openqa.selenium.remote.RemoteWebDriver.execute(RemoteWebDriver.java:472)
	at org.openqa.selenium.remote.RemoteWebElement.execute(RemoteWebElement.java:244)
	at org.openqa.selenium.remote.RemoteWebElement.click(RemoteWebElement.java:77)
	at bg.framework.common.control.ButtonControl.setValue(ButtonControl.java:13)
	at bg.framework.common.functional.UIOperation.clickWithXpath(UIOperation.java:201)
	at bg.framework.app.functional.page.common.BasePage.verifyAndClickWithXpath(BasePage.java:313)
	at bg.framework.app.functional.page.services.LandlordPageNew.enterPostcodeDetails(LandlordPageNew.java:204)
	at bg.framework.app.functional.action.services.LandlordActionNew.enterPostcodeDetails(LandlordActionNew.java:26)
	at bg.framework.app.functional.test.services.LandlordTestNew.verifyAnonymousNationalLandlordPackagePricingWithoutBoilerCover(LandlordTestNew.java:73)
	at sun.reflect.NativeMethodAccessorImpl.invoke0(Native Method)
	at sun.reflect.NativeMethodAccessorImpl.invoke(NativeMethodAccessorImpl.java:62)
	at sun.reflect.DelegatingMethodAccessorImpl.invoke(DelegatingMethodAccessorImpl.java:43)
	at java.lang.reflect.Method.invoke(Method.java:498)
	at org.testng.internal.MethodInvocationHelper.invokeMethod(MethodInvocationHelper.java:80)
	at org.testng.internal.Invoker.invokeMethod(Invoker.java:714)
	at org.testng.internal.Invoker.invokeTestMethod(Invoker.java:901)
	at org.testng.internal.Invoker.invokeTestMethods(Invoker.java:1231)
	at org.testng.internal.TestMethodWorker.invokeTestMethods(TestMethodWorker.java:127)
	at org.testng.internal.TestMethodWorker.run(TestMethodWorker.java:111)
	at org.testng.TestRunner.privateRun(TestRunner.java:767)
	at org.testng.TestRunner.run(TestRunner.java:617)
	at org.testng.SuiteRunner.runTest(SuiteRunner.java:334)
	at org.testng.SuiteRunner.runSequentially(SuiteRunner.java:329)
	at org.testng.SuiteRunner.privateRun(SuiteRunner.java:291)
	at org.testng.SuiteRunner.run(SuiteRunner.java:240)
	at org.testng.SuiteRunnerWorker.runSuite(SuiteRunnerWorker.java:52)
	at org.testng.SuiteRunnerWorker.run(SuiteRunnerWorker.java:86)
	at org.testng.TestNG.runSuitesSequentially(TestNG.java:1198)
	at org.testng.TestNG.runSuitesLocally(TestNG.java:1123)
	at org.testng.TestNG.run(TestNG.java:1031)
	at org.testng.TestNG.privateMain(TestNG.java:1338)
	at org.testng.TestNG.main(TestNG.java:1307)
]]>
            </full-stacktrace>
          </exception> <!-- org.openqa.selenium.WebDriverException -->
          <reporter-output>
          </reporter-output>
        </test-method> <!-- verifyAnonymousNationalLandlordPackagePricingWithoutBoilerCover -->
        <test-method status="PASS" signature="reportWrapUp()[pri:0, instance:bg.framework.app.functional.test.services.LandlordTestNew@43a25848]" name="reportWrapUp" is-config="true" duration-ms="13448" started-at="2018-02-12T13:34:53Z" finished-at="2018-02-12T13:35:07Z">
          <reporter-output>
          </reporter-output>
        </test-method> <!-- reportWrapUp -->
        <test-method status="PASS" signature="setUp(java.lang.reflect.Method)[pri:0, instance:bg.framework.app.functional.test.services.LandlordTestNew@43a25848]" name="setUp" is-config="true" duration-ms="26400" started-at="2018-02-12T13:35:07Z" finished-at="2018-02-12T13:35:33Z">
          <params>
            <param index="0">
              <value>
                <![CDATA[public void bg.framework.app.functional.test.services.LandlordTestNew.verifyAnonymousLondonLandlordPackagePricingWithoutBoilerCover()]]>
              </value>
            </param>
          </params>
          <reporter-output>
          </reporter-output>
        </test-method> <!-- setUp -->
        <test-method status="FAIL" signature="verifyAnonymousLondonLandlordPackagePricingWithoutBoilerCover()[pri:0, instance:bg.framework.app.functional.test.services.LandlordTestNew@43a25848]" name="verifyAnonymousLondonLandlordPackagePricingWithoutBoilerCover" duration-ms="50042" started-at="2018-02-12T13:35:33Z" finished-at="2018-02-12T13:36:23Z">
          <exception class="org.openqa.selenium.WebDriverException">
            <message>
              <![CDATA[unknown error: Element is not clickable at point (175, 952)
  (Session info: chrome=62.0.3202.62)
  (Driver info: chromedriver=2.29.461591 (62ebf098771772160f391d75e589dc567915b233),platform=Windows NT 6.1.7601 SP1 x86_64) (WARNING: The server did not provide any stacktrace information)
Command duration or timeout: 35 milliseconds
Build info: version: '2.24.1', revision: '17205', time: '2012-06-19 16:53:24'
System info: os.name: 'Windows 7', os.arch: 'amd64', os.version: '6.1', java.version: '1.8.0_121'
Driver info: driver.version: RemoteWebDriver
Session ID: 5d04387c39f1d754fcb64f2d7b97f588]]>
            </message>
            <full-stacktrace>
              <![CDATA[org.openqa.selenium.WebDriverException: unknown error: Element is not clickable at point (175, 952)
  (Session info: chrome=62.0.3202.62)
  (Driver info: chromedriver=2.29.461591 (62ebf098771772160f391d75e589dc567915b233),platform=Windows NT 6.1.7601 SP1 x86_64) (WARNING: The server did not provide any stacktrace information)
Command duration or timeout: 35 milliseconds
Build info: version: '2.24.1', revision: '17205', time: '2012-06-19 16:53:24'
System info: os.name: 'Windows 7', os.arch: 'amd64', os.version: '6.1', java.version: '1.8.0_121'
Driver info: driver.version: RemoteWebDriver
Session ID: 5d04387c39f1d754fcb64f2d7b97f588
	at sun.reflect.NativeConstructorAccessorImpl.newInstance0(Native Method)
	at sun.reflect.NativeConstructorAccessorImpl.newInstance(NativeConstructorAccessorImpl.java:62)
	at sun.reflect.DelegatingConstructorAccessorImpl.newInstance(DelegatingConstructorAccessorImpl.java:45)
	at java.lang.reflect.Constructor.newInstance(Constructor.java:423)
	at org.openqa.selenium.remote.ErrorHandler.createThrowable(ErrorHandler.java:188)
	at org.openqa.selenium.remote.ErrorHandler.throwIfResponseFailed(ErrorHandler.java:145)
	at org.openqa.selenium.remote.RemoteWebDriver.execute(RemoteWebDriver.java:472)
	at org.openqa.selenium.remote.RemoteWebElement.execute(RemoteWebElement.java:244)
	at org.openqa.selenium.remote.RemoteWebElement.click(RemoteWebElement.java:77)
	at bg.framework.common.control.ButtonControl.setValue(ButtonControl.java:13)
	at bg.framework.common.functional.UIOperation.clickWithXpath(UIOperation.java:201)
	at bg.framework.app.functional.page.common.BasePage.verifyAndClickWithXpath(BasePage.java:313)
	at bg.framework.app.functional.page.services.LandlordPageNew.enterPostcodeDetails(LandlordPageNew.java:204)
	at bg.framework.app.functional.action.services.LandlordActionNew.enterPostcodeDetails(LandlordActionNew.java:26)
	at bg.framework.app.functional.test.services.LandlordTestNew.verifyAnonymousLondonLandlordPackagePricingWithoutBoilerCover(LandlordTestNew.java:89)
	at sun.reflect.NativeMethodAccessorImpl.invoke0(Native Method)
	at sun.reflect.NativeMethodAccessorImpl.invoke(NativeMethodAccessorImpl.java:62)
	at sun.reflect.DelegatingMethodAccessorImpl.invoke(DelegatingMethodAccessorImpl.java:43)
	at java.lang.reflect.Method.invoke(Method.java:498)
	at org.testng.internal.MethodInvocationHelper.invokeMethod(MethodInvocationHelper.java:80)
	at org.testng.internal.Invoker.invokeMethod(Invoker.java:714)
	at org.testng.internal.Invoker.invokeTestMethod(Invoker.java:901)
	at org.testng.internal.Invoker.invokeTestMethods(Invoker.java:1231)
	at org.testng.internal.TestMethodWorker.invokeTestMethods(TestMethodWorker.java:127)
	at org.testng.internal.TestMethodWorker.run(TestMethodWorker.java:111)
	at org.testng.TestRunner.privateRun(TestRunner.java:767)
	at org.testng.TestRunner.run(TestRunner.java:617)
	at org.testng.SuiteRunner.runTest(SuiteRunner.java:334)
	at org.testng.SuiteRunner.runSequentially(SuiteRunner.java:329)
	at org.testng.SuiteRunner.privateRun(SuiteRunner.java:291)
	at org.testng.SuiteRunner.run(SuiteRunner.java:240)
	at org.testng.SuiteRunnerWorker.runSuite(SuiteRunnerWorker.java:52)
	at org.testng.SuiteRunnerWorker.run(SuiteRunnerWorker.java:86)
	at org.testng.TestNG.runSuitesSequentially(TestNG.java:1198)
	at org.testng.TestNG.runSuitesLocally(TestNG.java:1123)
	at org.testng.TestNG.run(TestNG.java:1031)
	at org.testng.TestNG.privateMain(TestNG.java:1338)
	at org.testng.TestNG.main(TestNG.java:1307)
]]>
            </full-stacktrace>
          </exception> <!-- org.openqa.selenium.WebDriverException -->
          <reporter-output>
          </reporter-output>
        </test-method> <!-- verifyAnonymousLondonLandlordPackagePricingWithoutBoilerCover -->
        <test-method status="PASS" signature="reportWrapUp()[pri:0, instance:bg.framework.app.functional.test.services.LandlordTestNew@43a25848]" name="reportWrapUp" is-config="true" duration-ms="13068" started-at="2018-02-12T13:36:24Z" finished-at="2018-02-12T13:36:37Z">
          <reporter-output>
          </reporter-output>
        </test-method> <!-- reportWrapUp -->
        <test-method status="PASS" signature="setUp(java.lang.reflect.Method)[pri:0, instance:bg.framework.app.functional.test.services.LandlordTestNew@43a25848]" name="setUp" is-config="true" duration-ms="24783" started-at="2018-02-12T13:36:37Z" finished-at="2018-02-12T13:37:02Z">
          <params>
            <param index="0">
              <value>
                <![CDATA[public void bg.framework.app.functional.test.services.LandlordTestNew.verifyAnonymousNationalLandlordPackagePricingWithBoilerCover()]]>
              </value>
            </param>
          </params>
          <reporter-output>
          </reporter-output>
        </test-method> <!-- setUp -->
        <test-method status="FAIL" signature="verifyAnonymousNationalLandlordPackagePricingWithBoilerCover()[pri:0, instance:bg.framework.app.functional.test.services.LandlordTestNew@43a25848]" name="verifyAnonymousNationalLandlordPackagePricingWithBoilerCover" duration-ms="49177" started-at="2018-02-12T13:37:02Z" finished-at="2018-02-12T13:37:51Z">
          <exception class="org.openqa.selenium.WebDriverException">
            <message>
              <![CDATA[unknown error: Element is not clickable at point (175, 950)
  (Session info: chrome=62.0.3202.62)
  (Driver info: chromedriver=2.29.461591 (62ebf098771772160f391d75e589dc567915b233),platform=Windows NT 6.1.7601 SP1 x86_64) (WARNING: The server did not provide any stacktrace information)
Command duration or timeout: 54 milliseconds
Build info: version: '2.24.1', revision: '17205', time: '2012-06-19 16:53:24'
System info: os.name: 'Windows 7', os.arch: 'amd64', os.version: '6.1', java.version: '1.8.0_121'
Driver info: driver.version: RemoteWebDriver
Session ID: 5d04387c39f1d754fcb64f2d7b97f588]]>
            </message>
            <full-stacktrace>
              <![CDATA[org.openqa.selenium.WebDriverException: unknown error: Element is not clickable at point (175, 950)
  (Session info: chrome=62.0.3202.62)
  (Driver info: chromedriver=2.29.461591 (62ebf098771772160f391d75e589dc567915b233),platform=Windows NT 6.1.7601 SP1 x86_64) (WARNING: The server did not provide any stacktrace information)
Command duration or timeout: 54 milliseconds
Build info: version: '2.24.1', revision: '17205', time: '2012-06-19 16:53:24'
System info: os.name: 'Windows 7', os.arch: 'amd64', os.version: '6.1', java.version: '1.8.0_121'
Driver info: driver.version: RemoteWebDriver
Session ID: 5d04387c39f1d754fcb64f2d7b97f588
	at sun.reflect.NativeConstructorAccessorImpl.newInstance0(Native Method)
	at sun.reflect.NativeConstructorAccessorImpl.newInstance(NativeConstructorAccessorImpl.java:62)
	at sun.reflect.DelegatingConstructorAccessorImpl.newInstance(DelegatingConstructorAccessorImpl.java:45)
	at java.lang.reflect.Constructor.newInstance(Constructor.java:423)
	at org.openqa.selenium.remote.ErrorHandler.createThrowable(ErrorHandler.java:188)
	at org.openqa.selenium.remote.ErrorHandler.throwIfResponseFailed(ErrorHandler.java:145)
	at org.openqa.selenium.remote.RemoteWebDriver.execute(RemoteWebDriver.java:472)
	at org.openqa.selenium.remote.RemoteWebElement.execute(RemoteWebElement.java:244)
	at org.openqa.selenium.remote.RemoteWebElement.click(RemoteWebElement.java:77)
	at bg.framework.common.control.ButtonControl.setValue(ButtonControl.java:13)
	at bg.framework.common.functional.UIOperation.clickWithXpath(UIOperation.java:201)
	at bg.framework.app.functional.page.common.BasePage.verifyAndClickWithXpath(BasePage.java:313)
	at bg.framework.app.functional.page.services.LandlordPageNew.enterPostcodeDetails(LandlordPageNew.java:204)
	at bg.framework.app.functional.action.services.LandlordActionNew.enterPostcodeDetails(LandlordActionNew.java:26)
	at bg.framework.app.functional.test.services.LandlordTestNew.verifyAnonymousNationalLandlordPackagePricingWithBoilerCover(LandlordTestNew.java:106)
	at sun.reflect.NativeMethodAccessorImpl.invoke0(Native Method)
	at sun.reflect.NativeMethodAccessorImpl.invoke(NativeMethodAccessorImpl.java:62)
	at sun.reflect.DelegatingMethodAccessorImpl.invoke(DelegatingMethodAccessorImpl.java:43)
	at java.lang.reflect.Method.invoke(Method.java:498)
	at org.testng.internal.MethodInvocationHelper.invokeMethod(MethodInvocationHelper.java:80)
	at org.testng.internal.Invoker.invokeMethod(Invoker.java:714)
	at org.testng.internal.Invoker.invokeTestMethod(Invoker.java:901)
	at org.testng.internal.Invoker.invokeTestMethods(Invoker.java:1231)
	at org.testng.internal.TestMethodWorker.invokeTestMethods(TestMethodWorker.java:127)
	at org.testng.internal.TestMethodWorker.run(TestMethodWorker.java:111)
	at org.testng.TestRunner.privateRun(TestRunner.java:767)
	at org.testng.TestRunner.run(TestRunner.java:617)
	at org.testng.SuiteRunner.runTest(SuiteRunner.java:334)
	at org.testng.SuiteRunner.runSequentially(SuiteRunner.java:329)
	at org.testng.SuiteRunner.privateRun(SuiteRunner.java:291)
	at org.testng.SuiteRunner.run(SuiteRunner.java:240)
	at org.testng.SuiteRunnerWorker.runSuite(SuiteRunnerWorker.java:52)
	at org.testng.SuiteRunnerWorker.run(SuiteRunnerWorker.java:86)
	at org.testng.TestNG.runSuitesSequentially(TestNG.java:1198)
	at org.testng.TestNG.runSuitesLocally(TestNG.java:1123)
	at org.testng.TestNG.run(TestNG.java:1031)
	at org.testng.TestNG.privateMain(TestNG.java:1338)
	at org.testng.TestNG.main(TestNG.java:1307)
]]>
            </full-stacktrace>
          </exception> <!-- org.openqa.selenium.WebDriverException -->
          <reporter-output>
          </reporter-output>
        </test-method> <!-- verifyAnonymousNationalLandlordPackagePricingWithBoilerCover -->
        <test-method status="PASS" signature="reportWrapUp()[pri:0, instance:bg.framework.app.functional.test.services.LandlordTestNew@43a25848]" name="reportWrapUp" is-config="true" duration-ms="13107" started-at="2018-02-12T13:37:52Z" finished-at="2018-02-12T13:38:05Z">
          <reporter-output>
          </reporter-output>
        </test-method> <!-- reportWrapUp -->
        <test-method status="PASS" signature="setUp(java.lang.reflect.Method)[pri:0, instance:bg.framework.app.functional.test.services.LandlordTestNew@43a25848]" name="setUp" is-config="true" duration-ms="26971" started-at="2018-02-12T13:38:05Z" finished-at="2018-02-12T13:38:32Z">
          <params>
            <param index="0">
              <value>
                <![CDATA[public void bg.framework.app.functional.test.services.LandlordTestNew.verifyAnonymousLondonLandlordPackagePricingWithBoilerCover()]]>
              </value>
            </param>
          </params>
          <reporter-output>
          </reporter-output>
        </test-method> <!-- setUp -->
        <test-method status="FAIL" signature="verifyAnonymousLondonLandlordPackagePricingWithBoilerCover()[pri:0, instance:bg.framework.app.functional.test.services.LandlordTestNew@43a25848]" name="verifyAnonymousLondonLandlordPackagePricingWithBoilerCover" duration-ms="50344" started-at="2018-02-12T13:38:32Z" finished-at="2018-02-12T13:39:22Z">
          <exception class="org.openqa.selenium.WebDriverException">
            <message>
              <![CDATA[unknown error: Element is not clickable at point (175, 952)
  (Session info: chrome=62.0.3202.62)
  (Driver info: chromedriver=2.29.461591 (62ebf098771772160f391d75e589dc567915b233),platform=Windows NT 6.1.7601 SP1 x86_64) (WARNING: The server did not provide any stacktrace information)
Command duration or timeout: 34 milliseconds
Build info: version: '2.24.1', revision: '17205', time: '2012-06-19 16:53:24'
System info: os.name: 'Windows 7', os.arch: 'amd64', os.version: '6.1', java.version: '1.8.0_121'
Driver info: driver.version: RemoteWebDriver
Session ID: 5d04387c39f1d754fcb64f2d7b97f588]]>
            </message>
            <full-stacktrace>
              <![CDATA[org.openqa.selenium.WebDriverException: unknown error: Element is not clickable at point (175, 952)
  (Session info: chrome=62.0.3202.62)
  (Driver info: chromedriver=2.29.461591 (62ebf098771772160f391d75e589dc567915b233),platform=Windows NT 6.1.7601 SP1 x86_64) (WARNING: The server did not provide any stacktrace information)
Command duration or timeout: 34 milliseconds
Build info: version: '2.24.1', revision: '17205', time: '2012-06-19 16:53:24'
System info: os.name: 'Windows 7', os.arch: 'amd64', os.version: '6.1', java.version: '1.8.0_121'
Driver info: driver.version: RemoteWebDriver
Session ID: 5d04387c39f1d754fcb64f2d7b97f588
	at sun.reflect.NativeConstructorAccessorImpl.newInstance0(Native Method)
	at sun.reflect.NativeConstructorAccessorImpl.newInstance(NativeConstructorAccessorImpl.java:62)
	at sun.reflect.DelegatingConstructorAccessorImpl.newInstance(DelegatingConstructorAccessorImpl.java:45)
	at java.lang.reflect.Constructor.newInstance(Constructor.java:423)
	at org.openqa.selenium.remote.ErrorHandler.createThrowable(ErrorHandler.java:188)
	at org.openqa.selenium.remote.ErrorHandler.throwIfResponseFailed(ErrorHandler.java:145)
	at org.openqa.selenium.remote.RemoteWebDriver.execute(RemoteWebDriver.java:472)
	at org.openqa.selenium.remote.RemoteWebElement.execute(RemoteWebElement.java:244)
	at org.openqa.selenium.remote.RemoteWebElement.click(RemoteWebElement.java:77)
	at bg.framework.common.control.ButtonControl.setValue(ButtonControl.java:13)
	at bg.framework.common.functional.UIOperation.clickWithXpath(UIOperation.java:201)
	at bg.framework.app.functional.page.common.BasePage.verifyAndClickWithXpath(BasePage.java:313)
	at bg.framework.app.functional.page.services.LandlordPageNew.enterPostcodeDetails(LandlordPageNew.java:204)
	at bg.framework.app.functional.action.services.LandlordActionNew.enterPostcodeDetails(LandlordActionNew.java:26)
	at bg.framework.app.functional.test.services.LandlordTestNew.verifyAnonymousLondonLandlordPackagePricingWithBoilerCover(LandlordTestNew.java:122)
	at sun.reflect.NativeMethodAccessorImpl.invoke0(Native Method)
	at sun.reflect.NativeMethodAccessorImpl.invoke(NativeMethodAccessorImpl.java:62)
	at sun.reflect.DelegatingMethodAccessorImpl.invoke(DelegatingMethodAccessorImpl.java:43)
	at java.lang.reflect.Method.invoke(Method.java:498)
	at org.testng.internal.MethodInvocationHelper.invokeMethod(MethodInvocationHelper.java:80)
	at org.testng.internal.Invoker.invokeMethod(Invoker.java:714)
	at org.testng.internal.Invoker.invokeTestMethod(Invoker.java:901)
	at org.testng.internal.Invoker.invokeTestMethods(Invoker.java:1231)
	at org.testng.internal.TestMethodWorker.invokeTestMethods(TestMethodWorker.java:127)
	at org.testng.internal.TestMethodWorker.run(TestMethodWorker.java:111)
	at org.testng.TestRunner.privateRun(TestRunner.java:767)
	at org.testng.TestRunner.run(TestRunner.java:617)
	at org.testng.SuiteRunner.runTest(SuiteRunner.java:334)
	at org.testng.SuiteRunner.runSequentially(SuiteRunner.java:329)
	at org.testng.SuiteRunner.privateRun(SuiteRunner.java:291)
	at org.testng.SuiteRunner.run(SuiteRunner.java:240)
	at org.testng.SuiteRunnerWorker.runSuite(SuiteRunnerWorker.java:52)
	at org.testng.SuiteRunnerWorker.run(SuiteRunnerWorker.java:86)
	at org.testng.TestNG.runSuitesSequentially(TestNG.java:1198)
	at org.testng.TestNG.runSuitesLocally(TestNG.java:1123)
	at org.testng.TestNG.run(TestNG.java:1031)
	at org.testng.TestNG.privateMain(TestNG.java:1338)
	at org.testng.TestNG.main(TestNG.java:1307)
]]>
            </full-stacktrace>
          </exception> <!-- org.openqa.selenium.WebDriverException -->
          <reporter-output>
          </reporter-output>
        </test-method> <!-- verifyAnonymousLondonLandlordPackagePricingWithBoilerCover -->
        <test-method status="PASS" signature="reportWrapUp()[pri:0, instance:bg.framework.app.functional.test.services.LandlordTestNew@43a25848]" name="reportWrapUp" is-config="true" duration-ms="13123" started-at="2018-02-12T13:39:23Z" finished-at="2018-02-12T13:39:36Z">
          <reporter-output>
          </reporter-output>
        </test-method> <!-- reportWrapUp -->
        <test-method status="PASS" signature="setUp(java.lang.reflect.Method)[pri:0, instance:bg.framework.app.functional.test.services.LandlordTestNew@43a25848]" name="setUp" is-config="true" duration-ms="29522" started-at="2018-02-12T13:39:36Z" finished-at="2018-02-12T13:40:06Z">
          <params>
            <param index="0">
              <value>
                <![CDATA[public void bg.framework.app.functional.test.services.LandlordTestNew.verifyOAMNationalLandlordPackagePricingWithoutBoilerCover()]]>
              </value>
            </param>
          </params>
          <reporter-output>
          </reporter-output>
        </test-method> <!-- setUp -->
        <test-method status="FAIL" signature="verifyOAMNationalLandlordPackagePricingWithoutBoilerCover()[pri:0, instance:bg.framework.app.functional.test.services.LandlordTestNew@43a25848]" name="verifyOAMNationalLandlordPackagePricingWithoutBoilerCover" duration-ms="136877" started-at="2018-02-12T13:40:06Z" finished-at="2018-02-12T13:42:23Z">
          <exception class="org.openqa.selenium.WebDriverException">
            <message>
              <![CDATA[unknown error: Element is not clickable at point (175, 952)
  (Session info: chrome=62.0.3202.62)
  (Driver info: chromedriver=2.29.461591 (62ebf098771772160f391d75e589dc567915b233),platform=Windows NT 6.1.7601 SP1 x86_64) (WARNING: The server did not provide any stacktrace information)
Command duration or timeout: 33 milliseconds
Build info: version: '2.24.1', revision: '17205', time: '2012-06-19 16:53:24'
System info: os.name: 'Windows 7', os.arch: 'amd64', os.version: '6.1', java.version: '1.8.0_121'
Driver info: driver.version: RemoteWebDriver
Session ID: 5d04387c39f1d754fcb64f2d7b97f588]]>
            </message>
            <full-stacktrace>
              <![CDATA[org.openqa.selenium.WebDriverException: unknown error: Element is not clickable at point (175, 952)
  (Session info: chrome=62.0.3202.62)
  (Driver info: chromedriver=2.29.461591 (62ebf098771772160f391d75e589dc567915b233),platform=Windows NT 6.1.7601 SP1 x86_64) (WARNING: The server did not provide any stacktrace information)
Command duration or timeout: 33 milliseconds
Build info: version: '2.24.1', revision: '17205', time: '2012-06-19 16:53:24'
System info: os.name: 'Windows 7', os.arch: 'amd64', os.version: '6.1', java.version: '1.8.0_121'
Driver info: driver.version: RemoteWebDriver
Session ID: 5d04387c39f1d754fcb64f2d7b97f588
	at sun.reflect.NativeConstructorAccessorImpl.newInstance0(Native Method)
	at sun.reflect.NativeConstructorAccessorImpl.newInstance(NativeConstructorAccessorImpl.java:62)
	at sun.reflect.DelegatingConstructorAccessorImpl.newInstance(DelegatingConstructorAccessorImpl.java:45)
	at java.lang.reflect.Constructor.newInstance(Constructor.java:423)
	at org.openqa.selenium.remote.ErrorHandler.createThrowable(ErrorHandler.java:188)
	at org.openqa.selenium.remote.ErrorHandler.throwIfResponseFailed(ErrorHandler.java:145)
	at org.openqa.selenium.remote.RemoteWebDriver.execute(RemoteWebDriver.java:472)
	at org.openqa.selenium.remote.RemoteWebElement.execute(RemoteWebElement.java:244)
	at org.openqa.selenium.remote.RemoteWebElement.click(RemoteWebElement.java:77)
	at bg.framework.common.control.ButtonControl.setValue(ButtonControl.java:13)
	at bg.framework.common.functional.UIOperation.clickWithXpath(UIOperation.java:201)
	at bg.framework.app.functional.page.common.BasePage.verifyAndClickWithXpath(BasePage.java:313)
	at bg.framework.app.functional.page.services.LandlordPageNew.enterPostcodeDetails(LandlordPageNew.java:204)
	at bg.framework.app.functional.action.services.LandlordActionNew.enterPostcodeDetails(LandlordActionNew.java:26)
	at bg.framework.app.functional.test.services.LandlordTestNew.verifyOAMNationalLandlordPackagePricingWithoutBoilerCover(LandlordTestNew.java:271)
	at sun.reflect.NativeMethodAccessorImpl.invoke0(Native Method)
	at sun.reflect.NativeMethodAccessorImpl.invoke(NativeMethodAccessorImpl.java:62)
	at sun.reflect.DelegatingMethodAccessorImpl.invoke(DelegatingMethodAccessorImpl.java:43)
	at java.lang.reflect.Method.invoke(Method.java:498)
	at org.testng.internal.MethodInvocationHelper.invokeMethod(MethodInvocationHelper.java:80)
	at org.testng.internal.Invoker.invokeMethod(Invoker.java:714)
	at org.testng.internal.Invoker.invokeTestMethod(Invoker.java:901)
	at org.testng.internal.Invoker.invokeTestMethods(Invoker.java:1231)
	at org.testng.internal.TestMethodWorker.invokeTestMethods(TestMethodWorker.java:127)
	at org.testng.internal.TestMethodWorker.run(TestMethodWorker.java:111)
	at org.testng.TestRunner.privateRun(TestRunner.java:767)
	at org.testng.TestRunner.run(TestRunner.java:617)
	at org.testng.SuiteRunner.runTest(SuiteRunner.java:334)
	at org.testng.SuiteRunner.runSequentially(SuiteRunner.java:329)
	at org.testng.SuiteRunner.privateRun(SuiteRunner.java:291)
	at org.testng.SuiteRunner.run(SuiteRunner.java:240)
	at org.testng.SuiteRunnerWorker.runSuite(SuiteRunnerWorker.java:52)
	at org.testng.SuiteRunnerWorker.run(SuiteRunnerWorker.java:86)
	at org.testng.TestNG.runSuitesSequentially(TestNG.java:1198)
	at org.testng.TestNG.runSuitesLocally(TestNG.java:1123)
	at org.testng.TestNG.run(TestNG.java:1031)
	at org.testng.TestNG.privateMain(TestNG.java:1338)
	at org.testng.TestNG.main(TestNG.java:1307)
]]>
            </full-stacktrace>
          </exception> <!-- org.openqa.selenium.WebDriverException -->
          <reporter-output>
          </reporter-output>
        </test-method> <!-- verifyOAMNationalLandlordPackagePricingWithoutBoilerCover -->
        <test-method status="PASS" signature="reportWrapUp()[pri:0, instance:bg.framework.app.functional.test.services.LandlordTestNew@43a25848]" name="reportWrapUp" is-config="true" duration-ms="13065" started-at="2018-02-12T13:42:23Z" finished-at="2018-02-12T13:42:36Z">
          <reporter-output>
          </reporter-output>
        </test-method> <!-- reportWrapUp -->
        <test-method status="PASS" signature="setUp(java.lang.reflect.Method)[pri:0, instance:bg.framework.app.functional.test.services.LandlordTestNew@43a25848]" name="setUp" is-config="true" duration-ms="25500" started-at="2018-02-12T13:42:36Z" finished-at="2018-02-12T13:43:02Z">
          <params>
            <param index="0">
              <value>
                <![CDATA[public void bg.framework.app.functional.test.services.LandlordTestNew.verifyOAMLondonLandlordPackagePricingWithoutBoilerCover()]]>
              </value>
            </param>
          </params>
          <reporter-output>
          </reporter-output>
        </test-method> <!-- setUp -->
        <test-method status="FAIL" signature="verifyOAMLondonLandlordPackagePricingWithoutBoilerCover()[pri:0, instance:bg.framework.app.functional.test.services.LandlordTestNew@43a25848]" name="verifyOAMLondonLandlordPackagePricingWithoutBoilerCover" duration-ms="119993" started-at="2018-02-12T13:43:02Z" finished-at="2018-02-12T13:45:02Z">
          <exception class="org.openqa.selenium.WebDriverException">
            <message>
              <![CDATA[unknown error: Element is not clickable at point (175, 950)
  (Session info: chrome=62.0.3202.62)
  (Driver info: chromedriver=2.29.461591 (62ebf098771772160f391d75e589dc567915b233),platform=Windows NT 6.1.7601 SP1 x86_64) (WARNING: The server did not provide any stacktrace information)
Command duration or timeout: 40 milliseconds
Build info: version: '2.24.1', revision: '17205', time: '2012-06-19 16:53:24'
System info: os.name: 'Windows 7', os.arch: 'amd64', os.version: '6.1', java.version: '1.8.0_121'
Driver info: driver.version: RemoteWebDriver
Session ID: 5d04387c39f1d754fcb64f2d7b97f588]]>
            </message>
            <full-stacktrace>
              <![CDATA[org.openqa.selenium.WebDriverException: unknown error: Element is not clickable at point (175, 950)
  (Session info: chrome=62.0.3202.62)
  (Driver info: chromedriver=2.29.461591 (62ebf098771772160f391d75e589dc567915b233),platform=Windows NT 6.1.7601 SP1 x86_64) (WARNING: The server did not provide any stacktrace information)
Command duration or timeout: 40 milliseconds
Build info: version: '2.24.1', revision: '17205', time: '2012-06-19 16:53:24'
System info: os.name: 'Windows 7', os.arch: 'amd64', os.version: '6.1', java.version: '1.8.0_121'
Driver info: driver.version: RemoteWebDriver
Session ID: 5d04387c39f1d754fcb64f2d7b97f588
	at sun.reflect.NativeConstructorAccessorImpl.newInstance0(Native Method)
	at sun.reflect.NativeConstructorAccessorImpl.newInstance(NativeConstructorAccessorImpl.java:62)
	at sun.reflect.DelegatingConstructorAccessorImpl.newInstance(DelegatingConstructorAccessorImpl.java:45)
	at java.lang.reflect.Constructor.newInstance(Constructor.java:423)
	at org.openqa.selenium.remote.ErrorHandler.createThrowable(ErrorHandler.java:188)
	at org.openqa.selenium.remote.ErrorHandler.throwIfResponseFailed(ErrorHandler.java:145)
	at org.openqa.selenium.remote.RemoteWebDriver.execute(RemoteWebDriver.java:472)
	at org.openqa.selenium.remote.RemoteWebElement.execute(RemoteWebElement.java:244)
	at org.openqa.selenium.remote.RemoteWebElement.click(RemoteWebElement.java:77)
	at bg.framework.common.control.ButtonControl.setValue(ButtonControl.java:13)
	at bg.framework.common.functional.UIOperation.clickWithXpath(UIOperation.java:201)
	at bg.framework.app.functional.page.common.BasePage.verifyAndClickWithXpath(BasePage.java:313)
	at bg.framework.app.functional.page.services.LandlordPageNew.enterPostcodeDetails(LandlordPageNew.java:204)
	at bg.framework.app.functional.action.services.LandlordActionNew.enterPostcodeDetails(LandlordActionNew.java:26)
	at bg.framework.app.functional.test.services.LandlordTestNew.verifyOAMLondonLandlordPackagePricingWithoutBoilerCover(LandlordTestNew.java:294)
	at sun.reflect.NativeMethodAccessorImpl.invoke0(Native Method)
	at sun.reflect.NativeMethodAccessorImpl.invoke(NativeMethodAccessorImpl.java:62)
	at sun.reflect.DelegatingMethodAccessorImpl.invoke(DelegatingMethodAccessorImpl.java:43)
	at java.lang.reflect.Method.invoke(Method.java:498)
	at org.testng.internal.MethodInvocationHelper.invokeMethod(MethodInvocationHelper.java:80)
	at org.testng.internal.Invoker.invokeMethod(Invoker.java:714)
	at org.testng.internal.Invoker.invokeTestMethod(Invoker.java:901)
	at org.testng.internal.Invoker.invokeTestMethods(Invoker.java:1231)
	at org.testng.internal.TestMethodWorker.invokeTestMethods(TestMethodWorker.java:127)
	at org.testng.internal.TestMethodWorker.run(TestMethodWorker.java:111)
	at org.testng.TestRunner.privateRun(TestRunner.java:767)
	at org.testng.TestRunner.run(TestRunner.java:617)
	at org.testng.SuiteRunner.runTest(SuiteRunner.java:334)
	at org.testng.SuiteRunner.runSequentially(SuiteRunner.java:329)
	at org.testng.SuiteRunner.privateRun(SuiteRunner.java:291)
	at org.testng.SuiteRunner.run(SuiteRunner.java:240)
	at org.testng.SuiteRunnerWorker.runSuite(SuiteRunnerWorker.java:52)
	at org.testng.SuiteRunnerWorker.run(SuiteRunnerWorker.java:86)
	at org.testng.TestNG.runSuitesSequentially(TestNG.java:1198)
	at org.testng.TestNG.runSuitesLocally(TestNG.java:1123)
	at org.testng.TestNG.run(TestNG.java:1031)
	at org.testng.TestNG.privateMain(TestNG.java:1338)
	at org.testng.TestNG.main(TestNG.java:1307)
]]>
            </full-stacktrace>
          </exception> <!-- org.openqa.selenium.WebDriverException -->
          <reporter-output>
          </reporter-output>
        </test-method> <!-- verifyOAMLondonLandlordPackagePricingWithoutBoilerCover -->
        <test-method status="PASS" signature="reportWrapUp()[pri:0, instance:bg.framework.app.functional.test.services.LandlordTestNew@43a25848]" name="reportWrapUp" is-config="true" duration-ms="13102" started-at="2018-02-12T13:45:02Z" finished-at="2018-02-12T13:45:16Z">
          <reporter-output>
          </reporter-output>
        </test-method> <!-- reportWrapUp -->
        <test-method status="PASS" signature="setUp(java.lang.reflect.Method)[pri:0, instance:bg.framework.app.functional.test.services.LandlordTestNew@43a25848]" name="setUp" is-config="true" duration-ms="21744" started-at="2018-02-12T13:45:16Z" finished-at="2018-02-12T13:45:37Z">
          <params>
            <param index="0">
              <value>
                <![CDATA[public void bg.framework.app.functional.test.services.LandlordTestNew.verifyOAMNationalLandlordPackagePricingWithBoilerCover()]]>
              </value>
            </param>
          </params>
          <reporter-output>
          </reporter-output>
        </test-method> <!-- setUp -->
        <test-method status="FAIL" signature="verifyOAMNationalLandlordPackagePricingWithBoilerCover()[pri:0, instance:bg.framework.app.functional.test.services.LandlordTestNew@43a25848]" name="verifyOAMNationalLandlordPackagePricingWithBoilerCover" duration-ms="124178" started-at="2018-02-12T13:45:37Z" finished-at="2018-02-12T13:47:41Z">
          <exception class="org.openqa.selenium.WebDriverException">
            <message>
              <![CDATA[unknown error: Element is not clickable at point (175, 983)
  (Session info: chrome=62.0.3202.62)
  (Driver info: chromedriver=2.29.461591 (62ebf098771772160f391d75e589dc567915b233),platform=Windows NT 6.1.7601 SP1 x86_64) (WARNING: The server did not provide any stacktrace information)
Command duration or timeout: 40 milliseconds
Build info: version: '2.24.1', revision: '17205', time: '2012-06-19 16:53:24'
System info: os.name: 'Windows 7', os.arch: 'amd64', os.version: '6.1', java.version: '1.8.0_121'
Driver info: driver.version: RemoteWebDriver
Session ID: 5d04387c39f1d754fcb64f2d7b97f588]]>
            </message>
            <full-stacktrace>
              <![CDATA[org.openqa.selenium.WebDriverException: unknown error: Element is not clickable at point (175, 983)
  (Session info: chrome=62.0.3202.62)
  (Driver info: chromedriver=2.29.461591 (62ebf098771772160f391d75e589dc567915b233),platform=Windows NT 6.1.7601 SP1 x86_64) (WARNING: The server did not provide any stacktrace information)
Command duration or timeout: 40 milliseconds
Build info: version: '2.24.1', revision: '17205', time: '2012-06-19 16:53:24'
System info: os.name: 'Windows 7', os.arch: 'amd64', os.version: '6.1', java.version: '1.8.0_121'
Driver info: driver.version: RemoteWebDriver
Session ID: 5d04387c39f1d754fcb64f2d7b97f588
	at sun.reflect.NativeConstructorAccessorImpl.newInstance0(Native Method)
	at sun.reflect.NativeConstructorAccessorImpl.newInstance(NativeConstructorAccessorImpl.java:62)
	at sun.reflect.DelegatingConstructorAccessorImpl.newInstance(DelegatingConstructorAccessorImpl.java:45)
	at java.lang.reflect.Constructor.newInstance(Constructor.java:423)
	at org.openqa.selenium.remote.ErrorHandler.createThrowable(ErrorHandler.java:188)
	at org.openqa.selenium.remote.ErrorHandler.throwIfResponseFailed(ErrorHandler.java:145)
	at org.openqa.selenium.remote.RemoteWebDriver.execute(RemoteWebDriver.java:472)
	at org.openqa.selenium.remote.RemoteWebElement.execute(RemoteWebElement.java:244)
	at org.openqa.selenium.remote.RemoteWebElement.click(RemoteWebElement.java:77)
	at bg.framework.common.control.ButtonControl.setValue(ButtonControl.java:13)
	at bg.framework.common.functional.UIOperation.clickWithXpath(UIOperation.java:201)
	at bg.framework.app.functional.page.common.BasePage.verifyAndClickWithXpath(BasePage.java:313)
	at bg.framework.app.functional.page.services.LandlordPageNew.enterPostcodeDetails(LandlordPageNew.java:204)
	at bg.framework.app.functional.action.services.LandlordActionNew.enterPostcodeDetails(LandlordActionNew.java:26)
	at bg.framework.app.functional.test.services.LandlordTestNew.verifyOAMNationalLandlordPackagePricingWithBoilerCover(LandlordTestNew.java:316)
	at sun.reflect.NativeMethodAccessorImpl.invoke0(Native Method)
	at sun.reflect.NativeMethodAccessorImpl.invoke(NativeMethodAccessorImpl.java:62)
	at sun.reflect.DelegatingMethodAccessorImpl.invoke(DelegatingMethodAccessorImpl.java:43)
	at java.lang.reflect.Method.invoke(Method.java:498)
	at org.testng.internal.MethodInvocationHelper.invokeMethod(MethodInvocationHelper.java:80)
	at org.testng.internal.Invoker.invokeMethod(Invoker.java:714)
	at org.testng.internal.Invoker.invokeTestMethod(Invoker.java:901)
	at org.testng.internal.Invoker.invokeTestMethods(Invoker.java:1231)
	at org.testng.internal.TestMethodWorker.invokeTestMethods(TestMethodWorker.java:127)
	at org.testng.internal.TestMethodWorker.run(TestMethodWorker.java:111)
	at org.testng.TestRunner.privateRun(TestRunner.java:767)
	at org.testng.TestRunner.run(TestRunner.java:617)
	at org.testng.SuiteRunner.runTest(SuiteRunner.java:334)
	at org.testng.SuiteRunner.runSequentially(SuiteRunner.java:329)
	at org.testng.SuiteRunner.privateRun(SuiteRunner.java:291)
	at org.testng.SuiteRunner.run(SuiteRunner.java:240)
	at org.testng.SuiteRunnerWorker.runSuite(SuiteRunnerWorker.java:52)
	at org.testng.SuiteRunnerWorker.run(SuiteRunnerWorker.java:86)
	at org.testng.TestNG.runSuitesSequentially(TestNG.java:1198)
	at org.testng.TestNG.runSuitesLocally(TestNG.java:1123)
	at org.testng.TestNG.run(TestNG.java:1031)
	at org.testng.TestNG.privateMain(TestNG.java:1338)
	at org.testng.TestNG.main(TestNG.java:1307)
]]>
            </full-stacktrace>
          </exception> <!-- org.openqa.selenium.WebDriverException -->
          <reporter-output>
          </reporter-output>
        </test-method> <!-- verifyOAMNationalLandlordPackagePricingWithBoilerCover -->
        <test-method status="PASS" signature="reportWrapUp()[pri:0, instance:bg.framework.app.functional.test.services.LandlordTestNew@43a25848]" name="reportWrapUp" is-config="true" duration-ms="13087" started-at="2018-02-12T13:47:42Z" finished-at="2018-02-12T13:47:55Z">
          <reporter-output>
          </reporter-output>
        </test-method> <!-- reportWrapUp -->
        <test-method status="PASS" signature="setUp(java.lang.reflect.Method)[pri:0, instance:bg.framework.app.functional.test.services.LandlordTestNew@43a25848]" name="setUp" is-config="true" duration-ms="23209" started-at="2018-02-12T13:47:55Z" finished-at="2018-02-12T13:48:18Z">
          <params>
            <param index="0">
              <value>
                <![CDATA[public void bg.framework.app.functional.test.services.LandlordTestNew.verifyOAMLondonLandlordPackagePricingWithBoilerCover()]]>
              </value>
            </param>
          </params>
          <reporter-output>
          </reporter-output>
        </test-method> <!-- setUp -->
        <test-method status="FAIL" signature="verifyOAMLondonLandlordPackagePricingWithBoilerCover()[pri:0, instance:bg.framework.app.functional.test.services.LandlordTestNew@43a25848]" name="verifyOAMLondonLandlordPackagePricingWithBoilerCover" duration-ms="56562" started-at="2018-02-12T13:48:18Z" finished-at="2018-02-12T13:49:15Z">
          <exception class="org.openqa.selenium.NoSuchElementException">
            <message>
              <![CDATA[no such element: Unable to locate element: {"method":"xpath","selector":"//*[@id='loginForm-email']"}
  (Session info: chrome=62.0.3202.62)
  (Driver info: chromedriver=2.29.461591 (62ebf098771772160f391d75e589dc567915b233),platform=Windows NT 6.1.7601 SP1 x86_64) (WARNING: The server did not provide any stacktrace information)
Command duration or timeout: 0 milliseconds
For documentation on this error, please visit: http://seleniumhq.org/exceptions/no_such_element.html
Build info: version: '2.24.1', revision: '17205', time: '2012-06-19 16:53:24'
System info: os.name: 'Windows 7', os.arch: 'amd64', os.version: '6.1', java.version: '1.8.0_121'
Driver info: driver.version: UIDriver
Session ID: 5d04387c39f1d754fcb64f2d7b97f588]]>
            </message>
            <full-stacktrace>
              <![CDATA[org.openqa.selenium.NoSuchElementException: no such element: Unable to locate element: {"method":"xpath","selector":"//*[@id='loginForm-email']"}
  (Session info: chrome=62.0.3202.62)
  (Driver info: chromedriver=2.29.461591 (62ebf098771772160f391d75e589dc567915b233),platform=Windows NT 6.1.7601 SP1 x86_64) (WARNING: The server did not provide any stacktrace information)
Command duration or timeout: 0 milliseconds
For documentation on this error, please visit: http://seleniumhq.org/exceptions/no_such_element.html
Build info: version: '2.24.1', revision: '17205', time: '2012-06-19 16:53:24'
System info: os.name: 'Windows 7', os.arch: 'amd64', os.version: '6.1', java.version: '1.8.0_121'
Driver info: driver.version: UIDriver
Session ID: 5d04387c39f1d754fcb64f2d7b97f588
	at sun.reflect.GeneratedConstructorAccessor15.newInstance(Unknown Source)
	at sun.reflect.DelegatingConstructorAccessorImpl.newInstance(DelegatingConstructorAccessorImpl.java:45)
	at java.lang.reflect.Constructor.newInstance(Constructor.java:423)
	at org.openqa.selenium.remote.ErrorHandler.createThrowable(ErrorHandler.java:188)
	at org.openqa.selenium.remote.ErrorHandler.throwIfResponseFailed(ErrorHandler.java:145)
	at org.openqa.selenium.remote.RemoteWebDriver.execute(RemoteWebDriver.java:472)
	at org.openqa.selenium.remote.RemoteWebDriver.findElement(RemoteWebDriver.java:242)
	at org.openqa.selenium.remote.RemoteWebDriver.findElementByXPath(RemoteWebDriver.java:327)
	at org.openqa.selenium.By$ByXPath.findElement(By.java:343)
	at org.openqa.selenium.remote.RemoteWebDriver.findElement(RemoteWebDriver.java:234)
	at bg.framework.common.functional.UIDriver.findElement(UIDriver.java:56)
	at bg.framework.common.functional.UIOperation.Enterinput(UIOperation.java:652)
	at bg.framework.app.functional.page.common.LegacyLoginPage.loginUser(LegacyLoginPage.java:29)
	at bg.framework.app.functional.action.common.LoginAction.login(LoginAction.java:34)
	at bg.framework.app.functional.test.services.LandlordTestNew.verifyOAMLondonLandlordPackagePricingWithBoilerCover(LandlordTestNew.java:335)
	at sun.reflect.NativeMethodAccessorImpl.invoke0(Native Method)
	at sun.reflect.NativeMethodAccessorImpl.invoke(NativeMethodAccessorImpl.java:62)
	at sun.reflect.DelegatingMethodAccessorImpl.invoke(DelegatingMethodAccessorImpl.java:43)
	at java.lang.reflect.Method.invoke(Method.java:498)
	at org.testng.internal.MethodInvocationHelper.invokeMethod(MethodInvocationHelper.java:80)
	at org.testng.internal.Invoker.invokeMethod(Invoker.java:714)
	at org.testng.internal.Invoker.invokeTestMethod(Invoker.java:901)
	at org.testng.internal.Invoker.invokeTestMethods(Invoker.java:1231)
	at org.testng.internal.TestMethodWorker.invokeTestMethods(TestMethodWorker.java:127)
	at org.testng.internal.TestMethodWorker.run(TestMethodWorker.java:111)
	at org.testng.TestRunner.privateRun(TestRunner.java:767)
	at org.testng.TestRunner.run(TestRunner.java:617)
	at org.testng.SuiteRunner.runTest(SuiteRunner.java:334)
	at org.testng.SuiteRunner.runSequentially(SuiteRunner.java:329)
	at org.testng.SuiteRunner.privateRun(SuiteRunner.java:291)
	at org.testng.SuiteRunner.run(SuiteRunner.java:240)
	at org.testng.SuiteRunnerWorker.runSuite(SuiteRunnerWorker.java:52)
	at org.testng.SuiteRunnerWorker.run(SuiteRunnerWorker.java:86)
	at org.testng.TestNG.runSuitesSequentially(TestNG.java:1198)
	at org.testng.TestNG.runSuitesLocally(TestNG.java:1123)
	at org.testng.TestNG.run(TestNG.java:1031)
	at org.testng.TestNG.privateMain(TestNG.java:1338)
	at org.testng.TestNG.main(TestNG.java:1307)
]]>
            </full-stacktrace>
          </exception> <!-- org.openqa.selenium.NoSuchElementException -->
          <reporter-output>
          </reporter-output>
        </test-method> <!-- verifyOAMLondonLandlordPackagePricingWithBoilerCover -->
        <test-method status="PASS" signature="reportWrapUp()[pri:0, instance:bg.framework.app.functional.test.services.LandlordTestNew@43a25848]" name="reportWrapUp" is-config="true" duration-ms="13136" started-at="2018-02-12T13:49:16Z" finished-at="2018-02-12T13:49:29Z">
          <reporter-output>
          </reporter-output>
        </test-method> <!-- reportWrapUp -->
        <test-method status="PASS" signature="tearDown()[pri:0, instance:bg.framework.app.functional.test.services.LandlordTestNew@43a25848]" name="tearDown" is-config="true" duration-ms="0" started-at="2018-02-12T13:49:29Z" finished-at="2018-02-12T13:49:29Z">
          <reporter-output>
          </reporter-output>
        </test-method> <!-- tearDown -->
      </class> <!-- bg.framework.app.functional.test.services.LandlordTestNew -->
    </test> <!-- Acquisition -->
  </suite> <!-- Acquisition -->
</testng-results>
