<?xml version="1.0" encoding="UTF-8"?>
<!-- Generated by org.testng.reporters.JUnitReportReporter -->
<testsuite hostname="01HW453479" name="com.ddtransform.test.InterimSummaryReview" tests="2" failures="0" timestamp="7 Dec 2015 14:23:32 GMT" time="7.084" errors="1">
  <testcase name="setUp" time="7.084" classname="com.ddtransform.test.InterimSummaryReview"/>
  <testcase name="testIncrease" time="0.000" classname="com.ddtransform.test.InterimSummaryReview">
    <error type="org.testng.TestNGException" message="
Parameter &#039;baseUrl&#039; is required by @Test on method testIncrease but has not been marked @Optional or defined
in D:\WorkSpace\DDTranformation_Didgital\XML\testng.xml">
      <![CDATA[org.testng.TestNGException: 
Parameter 'baseUrl' is required by @Test on method testIncrease but has not been marked @Optional or defined
in D:\WorkSpace\DDTranformation_Didgital\XML\testng.xml
	at org.testng.internal.Parameters.createParameters(Parameters.java:154)
	at org.testng.internal.Parameters.createParameters(Parameters.java:361)
	at org.testng.internal.Parameters.handleParameters(Parameters.java:451)
	at org.testng.internal.Invoker.handleParameters(Invoker.java:1270)
	at org.testng.internal.Invoker.createParameters(Invoker.java:985)
	at org.testng.internal.Invoker.invokeTestMethods(Invoker.java:1075)
	at org.testng.internal.TestMethodWorker.invokeTestMethods(TestMethodWorker.java:125)
	at org.testng.internal.TestMethodWorker.run(TestMethodWorker.java:108)
	at org.testng.TestRunner.privateRun(TestRunner.java:774)
	at org.testng.TestRunner.run(TestRunner.java:624)
	at org.testng.SuiteRunner.runTest(SuiteRunner.java:359)
	at org.testng.SuiteRunner.runSequentially(SuiteRunner.java:354)
	at org.testng.SuiteRunner.privateRun(SuiteRunner.java:312)
	at org.testng.SuiteRunner.run(SuiteRunner.java:261)
	at org.testng.SuiteRunnerWorker.runSuite(SuiteRunnerWorker.java:52)
	at org.testng.SuiteRunnerWorker.run(SuiteRunnerWorker.java:86)
	at org.testng.TestNG.runSuitesSequentially(TestNG.java:1215)
	at org.testng.TestNG.runSuitesLocally(TestNG.java:1140)
	at org.testng.TestNG.run(TestNG.java:1048)
	at org.testng.remote.RemoteTestNG.run(RemoteTestNG.java:112)
	at org.testng.remote.RemoteTestNG.initAndRun(RemoteTestNG.java:205)
	at org.testng.remote.RemoteTestNG.main(RemoteTestNG.java:176)
]]>
    </error>
  </testcase> <!-- testIncrease -->
</testsuite> <!-- com.ddtransform.test.InterimSummaryReview -->
